common(new)/build/outputs/logs/manifest-merger-debug-report.txt
-- Merging decision tree log ---
manifest
ADDED from Dining\common(new)\AndroidManifest.xml:2:1-217:12
INJECTED from Dining\common(new)\AndroidManifest.xml:2:1-217:12
INJECTED from Dining\common(new)\AndroidManifest.xml:2:1-217:12
INJECTED from Dining\common(new)\AndroidManifest.xml:2:1-217:12
INJECTED from Dining\common(new)\AndroidManifest.xml:2:1-217:12
INJECTED from Dining\common(new)\AndroidManifest.xml:2:1-217:12
INJECTED from Dining\common(new)\AndroidManifest.xml:2:1-217:12
	package
		ADDED from Dining\common(new)\AndroidManifest.xml:3:5-33
		INJECTED from Dining\common(new)\AndroidManifest.xml
		INJECTED from Dining\common(new)\AndroidManifest.xml
	android:versionName
		ADDED from Dining\common(new)\AndroidManifest.xml:5:5-30
		INJECTED from Dining\common(new)\AndroidManifest.xml
		INJECTED from Dining\common(new)\AndroidManifest.xml
	xmlns:android
		ADDED from Dining\common(new)\AndroidManifest.xml:2:11-69
	android:versionCode
		ADDED from Dining\common(new)\AndroidManifest.xml:4:5-28
		INJECTED from Dining\common(new)\AndroidManifest.xml
		INJECTED from Dining\common(new)\AndroidManifest.xml
uses-sdk
ADDED from Dining\common(new)\AndroidManifest.xml:7:5-9:41
	android:targetSdkVersion
		ADDED from Dining\common(new)\AndroidManifest.xml:9:9-38
	android:minSdkVersion
		ADDED from Dining\common(new)\AndroidManifest.xml:8:9-35
meta-data#com.clubank.config.GlideConfiguration
ADDED from Dining\common(new)\AndroidManifest.xml:24:5-99
	android:value
		ADDED from Dining\common(new)\AndroidManifest.xml:24:69-96
	android:name
		ADDED from Dining\common(new)\AndroidManifest.xml:24:16-68
uses-permission#android.permission.ACCESS_NETWORK_STATE
ADDED from Dining\common(new)\AndroidManifest.xml:28:5-79
	android:name
		ADDED from Dining\common(new)\AndroidManifest.xml:28:22-76
uses-permission#android.permission.ACCESS_WIFI_STATE
ADDED from Dining\common(new)\AndroidManifest.xml:30:5-76
	android:name
		ADDED from Dining\common(new)\AndroidManifest.xml:30:22-73
uses-permission#android.permission.READ_PHONE_STATE
ADDED from Dining\common(new)\AndroidManifest.xml:32:5-75
	android:name
		ADDED from Dining\common(new)\AndroidManifest.xml:32:22-72
uses-permission#android.permission.WRITE_EXTERNAL_STORAGE
ADDED from Dining\common(new)\AndroidManifest.xml:34:5-81
	android:name
		ADDED from Dining\common(new)\AndroidManifest.xml:34:22-78
uses-permission#android.permission.INTERNET
ADDED from Dining\common(new)\AndroidManifest.xml:36:5-67
	android:name
		ADDED from Dining\common(new)\AndroidManifest.xml:36:22-64
uses-permission#android.permission.GET_TASKS
ADDED from Dining\common(new)\AndroidManifest.xml:38:5-68
	android:name
		ADDED from Dining\common(new)\AndroidManifest.xml:38:22-65
uses-permission#android.permission.READ_LOGS
ADDED from Dining\common(new)\AndroidManifest.xml:40:5-68
	android:name
		ADDED from Dining\common(new)\AndroidManifest.xml:40:22-65
uses-permission#android.permission.ACCESS_FINE_LOCATION
ADDED from Dining\common(new)\AndroidManifest.xml:41:5-79
	android:name
		ADDED from Dining\common(new)\AndroidManifest.xml:41:22-76
uses-permission#android.permission.ACCESS_COARSE_LOCATION
ADDED from Dining\common(new)\AndroidManifest.xml:42:5-81
	android:name
		ADDED from Dining\common(new)\AndroidManifest.xml:42:22-78
uses-permission#android.permission.SET_DEBUG_APP
ADDED from Dining\common(new)\AndroidManifest.xml:43:5-72
	android:name
		ADDED from Dining\common(new)\AndroidManifest.xml:43:22-69
uses-permission#android.permission.GET_ACCOUNTS
ADDED from Dining\common(new)\AndroidManifest.xml:44:5-71
	android:name
		ADDED from Dining\common(new)\AndroidManifest.xml:44:22-68
uses-permission#android.permission.USE_CREDENTIALS
ADDED from Dining\common(new)\AndroidManifest.xml:45:5-74
	android:name
		ADDED from Dining\common(new)\AndroidManifest.xml:45:22-71
uses-permission#android.permission.MANAGE_ACCOUNTS
ADDED from Dining\common(new)\AndroidManifest.xml:46:5-74
	android:name
		ADDED from Dining\common(new)\AndroidManifest.xml:46:22-71
uses-permission#android.permission.ACCESS_DOWNLOAD_MANAGER
ADDED from Dining\common(new)\AndroidManifest.xml:47:5-82
	android:name
		ADDED from Dining\common(new)\AndroidManifest.xml:47:22-79
uses-permission#android.permission.CHANGE_WIFI_STATE
ADDED from Dining\common(new)\AndroidManifest.xml:48:5-76
	android:name
		ADDED from Dining\common(new)\AndroidManifest.xml:48:22-73
uses-permission#android.permission.CLEAR_APP_CACHE
ADDED from Dining\common(new)\AndroidManifest.xml:49:5-74
	android:name
		ADDED from Dining\common(new)\AndroidManifest.xml:49:22-71
uses-permission#android.permission.MOUNT_UNMOUNT_FILESYSTEMS
ADDED from Dining\common(new)\AndroidManifest.xml:50:5-84
	android:name
		ADDED from Dining\common(new)\AndroidManifest.xml:50:22-81
uses-permission#android.permission.READ_CONTACTS
ADDED from Dining\common(new)\AndroidManifest.xml:51:5-72
	android:name
		ADDED from Dining\common(new)\AndroidManifest.xml:51:22-69
uses-permission#android.permission.RECEIVE_BOOT_COMPLETED
ADDED from Dining\common(new)\AndroidManifest.xml:52:5-81
	android:name
		ADDED from Dining\common(new)\AndroidManifest.xml:52:22-78
uses-permission#android.permission.RESTART_PACKAGES
ADDED from Dining\common(new)\AndroidManifest.xml:53:5-75
	android:name
		ADDED from Dining\common(new)\AndroidManifest.xml:53:22-72
uses-permission#android.permission.VIBRATE
ADDED from Dining\common(new)\AndroidManifest.xml:54:5-66
	android:name
		ADDED from Dining\common(new)\AndroidManifest.xml:54:22-63
uses-permission#android.permission.WRITE_SETTINGS
ADDED from Dining\common(new)\AndroidManifest.xml:55:5-73
	android:name
		ADDED from Dining\common(new)\AndroidManifest.xml:55:22-70
uses-permission#android.permission.KILL_BACKGROUND_PROCESSES
ADDED from Dining\common(new)\AndroidManifest.xml:57:5-84
	android:name
		ADDED from Dining\common(new)\AndroidManifest.xml:57:22-81
uses-permission#android.permission.RECEIVE_USER_PRESENT
ADDED from Dining\common(new)\AndroidManifest.xml:59:5-79
	android:name
		ADDED from Dining\common(new)\AndroidManifest.xml:59:22-76
uses-permission#android.permission.WAKE_LOCK
ADDED from Dining\common(new)\AndroidManifest.xml:60:5-68
	android:name
		ADDED from Dining\common(new)\AndroidManifest.xml:60:22-65
uses-permission#android.permission.READ_EXTERNAL_STORAGE
ADDED from Dining\common(new)\AndroidManifest.xml:61:5-80
	android:name
		ADDED from Dining\common(new)\AndroidManifest.xml:61:22-77
uses-permission#android.permission.SYSTEM_ALERT_WINDOW
ADDED from Dining\common(new)\AndroidManifest.xml:62:5-78
	android:name
		ADDED from Dining\common(new)\AndroidManifest.xml:62:22-75
uses-permission#android.permission.ACCESS_LOCATION_EXTRA_COMMANDS
ADDED from Dining\common(new)\AndroidManifest.xml:65:5-89
	android:name
		ADDED from Dining\common(new)\AndroidManifest.xml:65:22-86
uses-permission#android.permission.CHANGE_NETWORK_STATE
ADDED from Dining\common(new)\AndroidManifest.xml:66:5-79
	android:name
		ADDED from Dining\common(new)\AndroidManifest.xml:66:22-76
supports-screens
ADDED from Dining\common(new)\AndroidManifest.xml:68:5-74:40
	android:largeScreens
		ADDED from Dining\common(new)\AndroidManifest.xml:70:9-36
	android:smallScreens
		ADDED from Dining\common(new)\AndroidManifest.xml:73:9-37
	android:normalScreens
		ADDED from Dining\common(new)\AndroidManifest.xml:71:9-38
	android:xlargeScreens
		ADDED from Dining\common(new)\AndroidManifest.xml:74:9-37
	android:resizeable
		ADDED from Dining\common(new)\AndroidManifest.xml:72:9-34
	android:anyDensity
		ADDED from Dining\common(new)\AndroidManifest.xml:69:9-34
application
ADDED from Dining\common(new)\AndroidManifest.xml:76:5-215:19
	android:label
		ADDED from Dining\common(new)\AndroidManifest.xml:80:9-41
	android:largeHeap
		ADDED from Dining\common(new)\AndroidManifest.xml:81:9-33
	android:icon
		ADDED from Dining\common(new)\AndroidManifest.xml:79:9-38
	android:allowBackup
		ADDED from Dining\common(new)\AndroidManifest.xml:78:9-36
	android:theme
		ADDED from Dining\common(new)\AndroidManifest.xml:82:9-62
	android:name
		ADDED from Dining\common(new)\AndroidManifest.xml:77:9-56
uses-library#com.google.android.maps
ADDED from Dining\common(new)\AndroidManifest.xml:83:9-85:40
	android:required
		ADDED from Dining\common(new)\AndroidManifest.xml:85:13-37
	android:name
		ADDED from Dining\common(new)\AndroidManifest.xml:84:13-51
activity#com.clubank.device.ImageLargeActivity
ADDED from Dining\common(new)\AndroidManifest.xml:87:9-94:20
	android:label
		ADDED from Dining\common(new)\AndroidManifest.xml:89:13-45
	android:theme
		ADDED from Dining\common(new)\AndroidManifest.xml:90:13-55
	android:name
		ADDED from Dining\common(new)\AndroidManifest.xml:88:13-65
meta-data#android.support.PARENT_ACTIVITY
ADDED from Dining\common(new)\AndroidManifest.xml:91:13-93:72
	android:value
		ADDED from Dining\common(new)\AndroidManifest.xml:93:17-69
	android:name
		ADDED from Dining\common(new)\AndroidManifest.xml:92:17-63
activity#com.clubank.device.WebViewActivity
ADDED from Dining\common(new)\AndroidManifest.xml:95:9-71
	android:name
		ADDED from Dining\common(new)\AndroidManifest.xml:95:19-68
activity#com.clubank.device.BaseActivity
ADDED from Dining\common(new)\AndroidManifest.xml:96:9-68
	android:name
		ADDED from Dining\common(new)\AndroidManifest.xml:96:19-65
activity#com.clubank.device.BaseTabActivity
ADDED from Dining\common(new)\AndroidManifest.xml:97:9-71
	android:name
		ADDED from Dining\common(new)\AndroidManifest.xml:97:19-68
activity#com.clubank.device.DownloadActivity
ADDED from Dining\common(new)\AndroidManifest.xml:98:9-72
	android:name
		ADDED from Dining\common(new)\AndroidManifest.xml:98:19-69
activity#com.clubank.device.WXEntryActivity
ADDED from Dining\common(new)\AndroidManifest.xml:99:9-71
	android:name
		ADDED from Dining\common(new)\AndroidManifest.xml:99:19-68
activity#com.clubank.device.ImageGridActivity
ADDED from Dining\common(new)\AndroidManifest.xml:100:9-73
	android:name
		ADDED from Dining\common(new)\AndroidManifest.xml:100:19-70
service#com.baidu.location.f
ADDED from Dining\common(new)\AndroidManifest.xml:102:9-105:41
	android:process
		ADDED from Dining\common(new)\AndroidManifest.xml:105:13-38
	android:enabled
		ADDED from Dining\common(new)\AndroidManifest.xml:104:13-35
	android:name
		ADDED from Dining\common(new)\AndroidManifest.xml:103:13-48
service#cn.jpush.android.service.DownloadService
ADDED from Dining\common(new)\AndroidManifest.xml:108:9-111:48
	android:enabled
		ADDED from Dining\common(new)\AndroidManifest.xml:110:13-35
	android:exported
		ADDED from Dining\common(new)\AndroidManifest.xml:111:13-37
	android:name
		ADDED from Dining\common(new)\AndroidManifest.xml:109:13-68
service#cn.jpush.android.service.PushService
ADDED from Dining\common(new)\AndroidManifest.xml:114:9-124:19
	android:enabled
		ADDED from Dining\common(new)\AndroidManifest.xml:116:13-35
	android:exported
		ADDED from Dining\common(new)\AndroidManifest.xml:117:13-37
	android:name
		ADDED from Dining\common(new)\AndroidManifest.xml:115:13-64
intent-filter#cn.jpush.android.intent.PUSH_TIME+cn.jpush.android.intent.PushService+cn.jpush.android.intent.REGISTER+cn.jpush.android.intent.REPORT
ADDED from Dining\common(new)\AndroidManifest.xml:118:13-123:29
action#cn.jpush.android.intent.REGISTER
ADDED from Dining\common(new)\AndroidManifest.xml:119:17-75
	android:name
		ADDED from Dining\common(new)\AndroidManifest.xml:119:25-72
action#cn.jpush.android.intent.REPORT
ADDED from Dining\common(new)\AndroidManifest.xml:120:17-73
	android:name
		ADDED from Dining\common(new)\AndroidManifest.xml:120:25-70
action#cn.jpush.android.intent.PushService
ADDED from Dining\common(new)\AndroidManifest.xml:121:17-78
	android:name
		ADDED from Dining\common(new)\AndroidManifest.xml:121:25-75
action#cn.jpush.android.intent.PUSH_TIME
ADDED from Dining\common(new)\AndroidManifest.xml:122:17-76
	android:name
		ADDED from Dining\common(new)\AndroidManifest.xml:122:25-73
receiver#cn.jpush.android.service.AlarmReceiver
ADDED from Dining\common(new)\AndroidManifest.xml:126:9-75
	android:name
		ADDED from Dining\common(new)\AndroidManifest.xml:126:19-72
meta-data#JPUSH_CHANNEL
ADDED from Dining\common(new)\AndroidManifest.xml:128:9-130:49
	android:value
		ADDED from Dining\common(new)\AndroidManifest.xml:130:13-46
	android:name
		ADDED from Dining\common(new)\AndroidManifest.xml:129:13-41
activity#com.unionpay.uppay.PayActivity
ADDED from Dining\common(new)\AndroidManifest.xml:135:9-141:58
	android:screenOrientation
		ADDED from Dining\common(new)\AndroidManifest.xml:140:13-49
	android:label
		ADDED from Dining\common(new)\AndroidManifest.xml:139:13-45
	android:excludeFromRecents
		ADDED from Dining\common(new)\AndroidManifest.xml:138:13-46
	android:windowSoftInputMode
		ADDED from Dining\common(new)\AndroidManifest.xml:141:13-55
	android:configChanges
		ADDED from Dining\common(new)\AndroidManifest.xml:137:13-63
	android:name
		ADDED from Dining\common(new)\AndroidManifest.xml:136:13-58
activity#com.unionpay.UPPayWapActivity
ADDED from Dining\common(new)\AndroidManifest.xml:143:9-147:57
	android:screenOrientation
		ADDED from Dining\common(new)\AndroidManifest.xml:146:13-49
	android:windowSoftInputMode
		ADDED from Dining\common(new)\AndroidManifest.xml:147:13-55
	android:configChanges
		ADDED from Dining\common(new)\AndroidManifest.xml:145:13-63
	android:name
		ADDED from Dining\common(new)\AndroidManifest.xml:144:13-57
activity#com.umeng.socialize.editorpage.ShareActivity
ADDED from Dining\common(new)\AndroidManifest.xml:150:9-153:54
	android:excludeFromRecents
		ADDED from Dining\common(new)\AndroidManifest.xml:152:13-46
	android:theme
		ADDED from Dining\common(new)\AndroidManifest.xml:153:13-51
	android:name
		ADDED from Dining\common(new)\AndroidManifest.xml:151:13-72
activity#com.umeng.socialize.view.ShareActivity
ADDED from Dining\common(new)\AndroidManifest.xml:156:9-162:80
	android:launchMode
		ADDED from Dining\common(new)\AndroidManifest.xml:159:13-44
	android:windowSoftInputMode
		ADDED from Dining\common(new)\AndroidManifest.xml:162:13-68
	android:noHistory
		ADDED from Dining\common(new)\AndroidManifest.xml:160:13-37
	android:configChanges
		ADDED from Dining\common(new)\AndroidManifest.xml:158:13-57
	android:theme
		ADDED from Dining\common(new)\AndroidManifest.xml:161:13-50
	android:name
		ADDED from Dining\common(new)\AndroidManifest.xml:157:13-66
activity#com.tencent.tauth.AuthActivity
ADDED from Dining\common(new)\AndroidManifest.xml:166:9-178:20
	android:launchMode
		ADDED from Dining\common(new)\AndroidManifest.xml:168:13-44
	android:noHistory
		ADDED from Dining\common(new)\AndroidManifest.xml:169:13-37
	android:name
		ADDED from Dining\common(new)\AndroidManifest.xml:167:13-58
intent-filter#android.intent.action.VIEW+android.intent.category.BROWSABLE+android.intent.category.DEFAULT
ADDED from Dining\common(new)\AndroidManifest.xml:170:13-177:29
action#android.intent.action.VIEW
ADDED from Dining\common(new)\AndroidManifest.xml:171:17-69
	android:name
		ADDED from Dining\common(new)\AndroidManifest.xml:171:25-66
category#android.intent.category.DEFAULT
ADDED from Dining\common(new)\AndroidManifest.xml:173:17-76
	android:name
		ADDED from Dining\common(new)\AndroidManifest.xml:173:27-73
category#android.intent.category.BROWSABLE
ADDED from Dining\common(new)\AndroidManifest.xml:174:17-78
	android:name
		ADDED from Dining\common(new)\AndroidManifest.xml:174:27-75
data
ADDED from Dining\common(new)\AndroidManifest.xml:176:17-59
	android:scheme
		ADDED from Dining\common(new)\AndroidManifest.xml:176:23-56
activity#com.tencent.connect.common.AssistActivity
ADDED from Dining\common(new)\AndroidManifest.xml:179:9-182:84
	android:screenOrientation
		ADDED from Dining\common(new)\AndroidManifest.xml:181:13-49
	android:theme
		ADDED from Dining\common(new)\AndroidManifest.xml:182:13-72
	android:name
		ADDED from Dining\common(new)\AndroidManifest.xml:180:13-69
activity#com.umeng.soexample.wxapi.WXEntryActivity
ADDED from Dining\common(new)\AndroidManifest.xml:185:9-190:75
	android:screenOrientation
		ADDED from Dining\common(new)\AndroidManifest.xml:189:13-49
	android:exported
		ADDED from Dining\common(new)\AndroidManifest.xml:188:13-36
	android:configChanges
		ADDED from Dining\common(new)\AndroidManifest.xml:187:13-74
	android:theme
		ADDED from Dining\common(new)\AndroidManifest.xml:190:13-72
	android:name
		ADDED from Dining\common(new)\AndroidManifest.xml:186:13-69
activity#com.clubank.common.WBShareActivity
ADDED from Dining\common(new)\AndroidManifest.xml:193:9-201:20
	android:screenOrientation
		ADDED from Dining\common(new)\AndroidManifest.xml:196:13-49
	android:configChanges
		ADDED from Dining\common(new)\AndroidManifest.xml:195:13-63
	android:name
		ADDED from Dining\common(new)\AndroidManifest.xml:194:13-44
intent-filter#android.intent.category.DEFAULT+com.sina.weibo.sdk.action.ACTION_SDK_REQ_ACTIVITY
ADDED from Dining\common(new)\AndroidManifest.xml:197:13-200:29
action#com.sina.weibo.sdk.action.ACTION_SDK_REQ_ACTIVITY
ADDED from Dining\common(new)\AndroidManifest.xml:198:17-92
	android:name
		ADDED from Dining\common(new)\AndroidManifest.xml:198:25-89
activity#com.sina.weibo.sdk.component.WeiboSdkBrowser
ADDED from Dining\common(new)\AndroidManifest.xml:202:9-206:67
	android:windowSoftInputMode
		ADDED from Dining\common(new)\AndroidManifest.xml:206:13-55
	android:exported
		ADDED from Dining\common(new)\AndroidManifest.xml:205:13-37
	android:configChanges
		ADDED from Dining\common(new)\AndroidManifest.xml:204:13-63
	android:name
		ADDED from Dining\common(new)\AndroidManifest.xml:203:13-72
service#com.sina.weibo.sdk.net.DownloadService
ADDED from Dining\common(new)\AndroidManifest.xml:208:9-210:48
	android:exported
		ADDED from Dining\common(new)\AndroidManifest.xml:210:13-37
	android:name
		ADDED from Dining\common(new)\AndroidManifest.xml:209:13-66